Attention: Next.js now collects completely anonymous telemetry regarding usage.
This information is used to shape Next.js' roadmap and prioritize features.
You can learn more, including how to opt-out if you'd not like to participate in this anonymous program, by visiting the following URL:
https://nextjs.org/telemetry

  ▲ Next.js 14.2.21

   Creating an optimized production build ...
<w> [webpack.cache.PackFileCacheStrategy/webpack.FileSystemInfo] Managed item /sessions/charming-friendly-lamport/mnt/outputs/cornerstone-landing/node_modules/@next/swc-linux-x64-musl isn't a directory or doesn't contain a package.json (see snapshot.managedPaths option)
<w> [webpack.cache.PackFileCacheStrategy/webpack.FileSystemInfo] Managed item /sessions/charming-friendly-lamport/mnt/outputs/cornerstone-landing/node_modules/@next/swc-win32-ia32-msvc isn't a directory or doesn't contain a package.json (see snapshot.managedPaths option)
<w> [webpack.cache.PackFileCacheStrategy/webpack.FileSystemInfo] Managed item /sessions/charming-friendly-lamport/mnt/outputs/cornerstone-landing/node_modules/@next/swc-win32-x64-msvc isn't a directory or doesn't contain a package.json (see snapshot.managedPaths option)
<w> [webpack.cache.PackFileCacheStrategy/webpack.FileSystemInfo] Managed item /sessions/charming-friendly-lamport/mnt/outputs/cornerstone-landing/node_modules/@next/swc-darwin-x64 isn't a directory or doesn't contain a package.json (see snapshot.managedPaths option)
<w> [webpack.cache.PackFileCacheStrategy/webpack.FileSystemInfo] Managed item /sessions/charming-friendly-lamport/mnt/outputs/cornerstone-landing/node_modules/@next/swc-linux-arm64-musl isn't a directory or doesn't contain a package.json (see snapshot.managedPaths option)
<w> [webpack.cache.PackFileCacheStrategy/webpack.FileSystemInfo] Managed item /sessions/charming-friendly-lamport/mnt/outputs/cornerstone-landing/node_modules/@next/swc-win32-arm64-msvc isn't a directory or doesn't contain a package.json (see snapshot.managedPaths option)
<w> [webpack.cache.PackFileCacheStrategy/webpack.FileSystemInfo] Managed item /sessions/charming-friendly-lamport/mnt/outputs/cornerstone-landing/node_modules/@next/swc-linux-x64-gnu isn't a directory or doesn't contain a package.json (see snapshot.managedPaths option)
<w> [webpack.cache.PackFileCacheStrategy/webpack.FileSystemInfo] Managed item /sessions/charming-friendly-lamport/mnt/outputs/cornerstone-landing/node_modules/@next/swc-darwin-arm64 isn't a directory or doesn't contain a package.json (see snapshot.managedPaths option)
<w> [webpack.cache.PackFileCacheStrategy/webpack.FileSystemInfo] Managed item /sessions/charming-friendly-lamport/mnt/outputs/cornerstone-landing/node_modules/@next/swc-darwin-arm64 isn't a directory or doesn't contain a package.json (see snapshot.managedPaths option)
<w> [webpack.cache.PackFileCacheStrategy/webpack.FileSystemInfo] Managed item /sessions/charming-friendly-lamport/mnt/outputs/cornerstone-landing/node_modules/@next/swc-linux-arm64-musl isn't a directory or doesn't contain a package.json (see snapshot.managedPaths option)
<w> [webpack.cache.PackFileCacheStrategy/webpack.FileSystemInfo] Managed item /sessions/charming-friendly-lamport/mnt/outputs/cornerstone-landing/node_modules/@next/swc-win32-x64-msvc isn't a directory or doesn't contain a package.json (see snapshot.managedPaths option)
<w> [webpack.cache.PackFileCacheStrategy/webpack.FileSystemInfo] Managed item /sessions/charming-friendly-lamport/mnt/outputs/cornerstone-landing/node_modules/@next/swc-linux-x64-gnu isn't a directory or doesn't contain a package.json (see snapshot.managedPaths option)
<w> [webpack.cache.PackFileCacheStrategy/webpack.FileSystemInfo] Managed item /sessions/charming-friendly-lamport/mnt/outputs/cornerstone-landing/node_modules/@next/swc-darwin-x64 isn't a directory or doesn't contain a package.json (see snapshot.managedPaths option)
<w> [webpack.cache.PackFileCacheStrategy/webpack.FileSystemInfo] Managed item /sessions/charming-friendly-lamport/mnt/outputs/cornerstone-landing/node_modules/@next/swc-win32-ia32-msvc isn't a directory or doesn't contain a package.json (see snapshot.managedPaths option)
<w> [webpack.cache.PackFileCacheStrategy/webpack.FileSystemInfo] Managed item /sessions/charming-friendly-lamport/mnt/outputs/cornerstone-landing/node_modules/@next/swc-linux-x64-musl isn't a directory or doesn't contain a package.json (see snapshot.managedPaths option)
<w> [webpack.cache.PackFileCacheStrategy/webpack.FileSystemInfo] Managed item /sessions/charming-friendly-lamport/mnt/outputs/cornerstone-landing/node_modules/@next/swc-win32-arm64-msvc isn't a directory or doesn't contain a package.json (see snapshot.managedPaths option)
<w> [webpack.cache.PackFileCacheStrategy/webpack.FileSystemInfo] Managed item /sessions/charming-friendly-lamport/mnt/outputs/cornerstone-landing/node_modules/@next/swc-win32-ia32-msvc isn't a directory or doesn't contain a package.json (see snapshot.managedPaths option)
<w> [webpack.cache.PackFileCacheStrategy/webpack.FileSystemInfo] Managed item /sessions/charming-friendly-lamport/mnt/outputs/cornerstone-landing/node_modules/@next/swc-win32-x64-msvc isn't a directory or doesn't contain a package.json (see snapshot.managedPaths option)
<w> [webpack.cache.PackFileCacheStrategy/webpack.FileSystemInfo] Managed item /sessions/charming-friendly-lamport/mnt/outputs/cornerstone-landing/node_modules/@next/swc-linux-x64-gnu isn't a directory or doesn't contain a package.json (see snapshot.managedPaths option)
<w> [webpack.cache.PackFileCacheStrategy/webpack.FileSystemInfo] Managed item /sessions/charming-friendly-lamport/mnt/outputs/cornerstone-landing/node_modules/@next/swc-linux-arm64-musl isn't a directory or doesn't contain a package.json (see snapshot.managedPaths option)
<w> [webpack.cache.PackFileCacheStrategy/webpack.FileSystemInfo] Managed item /sessions/charming-friendly-lamport/mnt/outputs/cornerstone-landing/node_modules/@next/swc-darwin-x64 isn't a directory or doesn't contain a package.json (see snapshot.managedPaths option)
<w> [webpack.cache.PackFileCacheStrategy/webpack.FileSystemInfo] Managed item /sessions/charming-friendly-lamport/mnt/outputs/cornerstone-landing/node_modules/@next/swc-win32-arm64-msvc isn't a directory or doesn't contain a package.json (see snapshot.managedPaths option)
<w> [webpack.cache.PackFileCacheStrategy/webpack.FileSystemInfo] Managed item /sessions/charming-friendly-lamport/mnt/outputs/cornerstone-landing/node_modules/@next/swc-darwin-arm64 isn't a directory or doesn't contain a package.json (see snapshot.managedPaths option)
<w> [webpack.cache.PackFileCacheStrategy/webpack.FileSystemInfo] Managed item /sessions/charming-friendly-lamport/mnt/outputs/cornerstone-landing/node_modules/@next/swc-linux-x64-musl isn't a directory or doesn't contain a package.json (see snapshot.managedPaths option)
 ✓ Compiled successfully
   Linting and checking validity of types ...
   Collecting page data ...
   Generating static pages (0/5) ...
   Generating static pages (1/5) 
   Generating static pages (2/5) 
   Generating static pages (3/5) 
 ✓ Generating static pages (5/5)

> Build error occurred
[Error: EPERM: operation not permitted, unlink '/sessions/charming-friendly-lamport/mnt/outputs/cornerstone-landing/.next/export/404.html'] {
  errno: -1,
  code: 'EPERM',
  syscall: 'unlink',
  path: '/sessions/charming-friendly-lamport/mnt/outputs/cornerstone-landing/.next/export/404.html'
}
