npm warn deprecated next@14.2.21: This version has a security vulnerability. Please upgrade to a patched version. See https://nextjs.org/blog/security-update-2025-12-11 for more details.
npm warn cleanup Failed to remove some directories [
npm warn cleanup   [
npm warn cleanup     '/sessions/charming-friendly-lamport/mnt/outputs/cornerstone-landing/node_modules/@next/swc-linux-x64-musl',
npm warn cleanup     [Error: EPERM: operation not permitted, rmdir '/sessions/charming-friendly-lamport/mnt/outputs/cornerstone-landing/node_modules/@next/swc-linux-x64-musl'] {
npm warn cleanup       errno: -1,
npm warn cleanup       code: 'EPERM',
npm warn cleanup       syscall: 'rmdir',
npm warn cleanup       path: '/sessions/charming-friendly-lamport/mnt/outputs/cornerstone-landing/node_modules/@next/swc-linux-x64-musl'
npm warn cleanup     }
npm warn cleanup   ],
npm warn cleanup   [
npm warn cleanup     '/sessions/charming-friendly-lamport/mnt/outputs/cornerstone-landing/node_modules/@next/swc-linux-arm64-musl',
npm warn cleanup     [Error: EPERM: operation not permitted, rmdir '/sessions/charming-friendly-lamport/mnt/outputs/cornerstone-landing/node_modules/@next/swc-linux-arm64-musl'] {
npm warn cleanup       errno: -1,
npm warn cleanup       code: 'EPERM',
npm warn cleanup       syscall: 'rmdir',
npm warn cleanup       path: '/sessions/charming-friendly-lamport/mnt/outputs/cornerstone-landing/node_modules/@next/swc-linux-arm64-musl'
npm warn cleanup     }
npm warn cleanup   ],
npm warn cleanup   [
npm warn cleanup     '/sessions/charming-friendly-lamport/mnt/outputs/cornerstone-landing/node_modules/@next/swc-darwin-x64',
npm warn cleanup     [Error: EPERM: operation not permitted, rmdir '/sessions/charming-friendly-lamport/mnt/outputs/cornerstone-landing/node_modules/@next/swc-darwin-x64'] {
npm warn cleanup       errno: -1,
npm warn cleanup       code: 'EPERM',
npm warn cleanup       syscall: 'rmdir',
npm warn cleanup       path: '/sessions/charming-friendly-lamport/mnt/outputs/cornerstone-landing/node_modules/@next/swc-darwin-x64'
npm warn cleanup     }
npm warn cleanup   ],
npm warn cleanup   [
npm warn cleanup     '/sessions/charming-friendly-lamport/mnt/outputs/cornerstone-landing/node_modules/@next/swc-win32-x64-msvc',
npm warn cleanup     [Error: EPERM: operation not permitted, rmdir '/sessions/charming-friendly-lamport/mnt/outputs/cornerstone-landing/node_modules/@next/swc-win32-x64-msvc'] {
npm warn cleanup       errno: -1,
npm warn cleanup       code: 'EPERM',
npm warn cleanup       syscall: 'rmdir',
npm warn cleanup       path: '/sessions/charming-friendly-lamport/mnt/outputs/cornerstone-landing/node_modules/@next/swc-win32-x64-msvc'
npm warn cleanup     }
npm warn cleanup   ],
npm warn cleanup   [
npm warn cleanup     '/sessions/charming-friendly-lamport/mnt/outputs/cornerstone-landing/node_modules/@next/swc-win32-ia32-msvc',
npm warn cleanup     [Error: EPERM: operation not permitted, rmdir '/sessions/charming-friendly-lamport/mnt/outputs/cornerstone-landing/node_modules/@next/swc-win32-ia32-msvc'] {
npm warn cleanup       errno: -1,
npm warn cleanup       code: 'EPERM',
npm warn cleanup       syscall: 'rmdir',
npm warn cleanup       path: '/sessions/charming-friendly-lamport/mnt/outputs/cornerstone-landing/node_modules/@next/swc-win32-ia32-msvc'
npm warn cleanup     }
npm warn cleanup   ],
npm warn cleanup   [
npm warn cleanup     '/sessions/charming-friendly-lamport/mnt/outputs/cornerstone-landing/node_modules/@next/swc-darwin-arm64',
npm warn cleanup     [Error: EPERM: operation not permitted, rmdir '/sessions/charming-friendly-lamport/mnt/outputs/cornerstone-landing/node_modules/@next/swc-darwin-arm64'] {
npm warn cleanup       errno: -1,
npm warn cleanup       code: 'EPERM',
npm warn cleanup       syscall: 'rmdir',
npm warn cleanup       path: '/sessions/charming-friendly-lamport/mnt/outputs/cornerstone-landing/node_modules/@next/swc-darwin-arm64'
npm warn cleanup     }
npm warn cleanup   ],
npm warn cleanup   [
npm warn cleanup     '/sessions/charming-friendly-lamport/mnt/outputs/cornerstone-landing/node_modules/fsevents',
npm warn cleanup     [Error: EPERM: operation not permitted, rmdir '/sessions/charming-friendly-lamport/mnt/outputs/cornerstone-landing/node_modules/fsevents'] {
npm warn cleanup       errno: -1,
npm warn cleanup       code: 'EPERM',
npm warn cleanup       syscall: 'rmdir',
npm warn cleanup       path: '/sessions/charming-friendly-lamport/mnt/outputs/cornerstone-landing/node_modules/fsevents'
npm warn cleanup     }
npm warn cleanup   ],
npm warn cleanup   [
npm warn cleanup     '/sessions/charming-friendly-lamport/mnt/outputs/cornerstone-landing/node_modules/@next/swc-win32-arm64-msvc',
npm warn cleanup     [Error: EPERM: operation not permitted, rmdir '/sessions/charming-friendly-lamport/mnt/outputs/cornerstone-landing/node_modules/@next/swc-win32-arm64-msvc'] {
npm warn cleanup       errno: -1,
npm warn cleanup       code: 'EPERM',
npm warn cleanup       syscall: 'rmdir',
npm warn cleanup       path: '/sessions/charming-friendly-lamport/mnt/outputs/cornerstone-landing/node_modules/@next/swc-win32-arm64-msvc'
npm warn cleanup     }
npm warn cleanup   ],
npm warn cleanup   [
npm warn cleanup     '/sessions/charming-friendly-lamport/mnt/outputs/cornerstone-landing/node_modules/@next/swc-linux-x64-gnu',
npm warn cleanup     [Error: EPERM: operation not permitted, rmdir '/sessions/charming-friendly-lamport/mnt/outputs/cornerstone-landing/node_modules/@next/swc-linux-x64-gnu'] {
npm warn cleanup       errno: -1,
npm warn cleanup       code: 'EPERM',
npm warn cleanup       syscall: 'rmdir',
npm warn cleanup       path: '/sessions/charming-friendly-lamport/mnt/outputs/cornerstone-landing/node_modules/@next/swc-linux-x64-gnu'
npm warn cleanup     }
npm warn cleanup   ]
npm warn cleanup ]

added 109 packages, and audited 110 packages in 38s

24 packages are looking for funding
  run `npm fund` for details

2 vulnerabilities (1 moderate, 1 critical)

To address all issues (including breaking changes), run:
  npm audit fix --force

Run `npm audit` for details.
npm notice
npm notice New major version of npm available! 10.9.8 -> 11.16.0
npm notice Changelog: https://github.com/npm/cli/releases/tag/v11.16.0
npm notice To update run: npm install -g npm@11.16.0
npm notice
